<?xml version="1.0" encoding="UTF-8"?>
<testsuite name="com.demoqa.tests.Us01_TestBox" tests="1" skipped="0" failures="0" errors="0" timestamp="2021-01-14T14:11:00" hostname="PC" time="18.116">
  <properties/>
  <testcase name="Us01_TestBox" classname="com.demoqa.tests.Us01_TestBox" time="18.116"/>
  <system-out><![CDATA[]]></system-out>
  <system-err><![CDATA[SLF4J: Failed to load class "org.slf4j.impl.StaticLoggerBinder".
SLF4J: Defaulting to no-operation (NOP) logger implementation
SLF4J: See http://www.slf4j.org/codes.html#StaticLoggerBinder for further details.
Starting ChromeDriver 87.0.4280.88 (89e2380a3e36c3464b5dd1302349b1382549290d-refs/branch-heads/4280@{#1761}) on port 9842
Only local connections are allowed.
Please see https://chromedriver.chromium.org/security-considerations for suggestions on keeping ChromeDriver safe.
ChromeDriver was started successfully.
Jan 14, 2021 3:11:06 PM org.openqa.selenium.remote.ProtocolHandshake createSession
INFO: Detected dialect: W3C
]]></system-err>
</testsuite>
